TN:
SF:/Volumes/2TB/Proyectos/Software/Libs/mongoose-transaction-profiler/index.js
FN:7,sanitizeRegex
FN:8,(anonymous_1)
FN:16,sortLimits
FN:17,(anonymous_3)
FN:19,(anonymous_4)
FN:23,(anonymous_5)
FN:27,getProfilerData
FN:33,getLogLevel
FN:47,(anonymous_8)
FN:66,(anonymous_9)
FN:88,(anonymous_10)
FN:103,(anonymous_11)
FN:121,mongooseProfiler
FN:130,(anonymous_13)
FN:131,(anonymous_14)
FN:134,(anonymous_15)
FNF:16
FNH:16
FNDA:33,sanitizeRegex
FNDA:8,(anonymous_1)
FNDA:2,sortLimits
FNDA:2,(anonymous_3)
FNDA:8,(anonymous_4)
FNDA:28,(anonymous_5)
FNDA:8,getProfilerData
FNDA:29,getLogLevel
FNDA:5,(anonymous_8)
FNDA:12,(anonymous_9)
FNDA:6,(anonymous_10)
FNDA:2,(anonymous_11)
FNDA:1,mongooseProfiler
FNDA:7,(anonymous_13)
FNDA:4,(anonymous_14)
FNDA:4,(anonymous_15)
DA:1,1
DA:2,1
DA:3,1
DA:4,1
DA:5,1
DA:8,33
DA:9,8
DA:10,2
DA:13,33
DA:17,2
DA:18,2
DA:19,8
DA:20,2
DA:22,2
DA:23,28
DA:24,2
DA:28,8
DA:29,8
DA:30,8
DA:34,29
DA:35,29
DA:36,29
DA:37,157
DA:38,157
DA:39,83
DA:43,29
DA:47,1
DA:48,5
DA:49,5
DA:51,5
DA:54,5
DA:55,5
DA:56,5
DA:57,5
DA:58,5
DA:59,5
DA:60,1
DA:62,4
DA:63,4
DA:64,4
DA:66,1
DA:67,12
DA:69,12
DA:72,12
DA:73,1
DA:75,11
DA:76,11
DA:77,11
DA:78,11
DA:79,11
DA:80,11
DA:81,11
DA:82,11
DA:83,11
DA:84,11
DA:85,11
DA:86,11
DA:88,1
DA:89,6
DA:90,2
DA:92,4
DA:93,1
DA:95,3
DA:101,3
DA:102,3
DA:103,2
DA:104,2
DA:105,1
DA:107,1
DA:108,1
DA:112,1
DA:118,1
DA:120,1
DA:121,1
DA:122,1
DA:131,7
DA:132,4
DA:134,7
DA:135,4
DA:139,1
DA:140,1
DA:144,1
LF:82
LH:82
BRDA:9,0,0,2
BRDA:9,0,1,6
BRDA:16,1,0,1
BRDA:33,2,0,11
BRDA:37,3,0,157
BRDA:37,3,1,0
BRDA:38,4,0,83
BRDA:38,4,1,74
BRDA:59,5,0,1
BRDA:59,5,1,4
BRDA:72,6,0,1
BRDA:72,6,1,11
BRDA:89,7,0,2
BRDA:89,7,1,4
BRDA:89,8,0,6
BRDA:89,8,1,5
BRDA:89,8,2,1
BRDA:92,9,0,1
BRDA:92,9,1,3
BRDA:92,10,0,4
BRDA:92,10,1,4
BRDA:95,11,0,3
BRDA:95,11,1,3
BRDA:102,12,0,2
BRDA:102,12,1,1
BRDA:104,13,0,1
BRDA:104,13,1,1
BRDA:107,14,0,1
BRDA:107,14,1,0
BRDA:112,15,0,1
BRDA:112,15,1,0
BRDA:118,16,0,1
BRDA:118,16,1,1
BRF:33
BRH:30
end_of_record
