TN:
SF:/Volumes/2TB/Proyectos/Software/Libs/mongoose-transaction-profiler/index.js
FN:6,sanitizeRegex
FN:7,(anonymous_1)
FN:15,sortLimits
FN:16,(anonymous_3)
FN:18,(anonymous_4)
FN:24,(anonymous_5)
FN:28,getProfilerData
FN:34,getLogLevel
FN:54,(anonymous_8)
FN:79,(anonymous_9)
FN:107,(anonymous_10)
FN:122,(anonymous_11)
FN:140,mongooseProfiler
FN:149,(anonymous_13)
FN:150,(anonymous_14)
FN:153,(anonymous_15)
FNF:16
FNH:16
FNDA:33,sanitizeRegex
FNDA:8,(anonymous_1)
FNDA:3,sortLimits
FNDA:3,(anonymous_3)
FNDA:8,(anonymous_4)
FNDA:28,(anonymous_5)
FNDA:8,getProfilerData
FNDA:29,getLogLevel
FNDA:5,(anonymous_8)
FNDA:12,(anonymous_9)
FNDA:6,(anonymous_10)
FNDA:2,(anonymous_11)
FNDA:1,mongooseProfiler
FNDA:7,(anonymous_13)
FNDA:4,(anonymous_14)
FNDA:4,(anonymous_15)
DA:1,1
DA:2,1
DA:3,1
DA:4,1
DA:7,33
DA:8,8
DA:9,2
DA:12,33
DA:16,3
DA:17,3
DA:18,3
DA:19,8
DA:21,3
DA:23,3
DA:24,28
DA:25,3
DA:29,8
DA:30,8
DA:31,8
DA:40,29
DA:41,29
DA:42,29
DA:43,96
DA:44,96
DA:45,22
DA:46,22
DA:50,29
DA:54,1
DA:55,5
DA:56,5
DA:58,5
DA:61,5
DA:62,5
DA:63,5
DA:64,5
DA:65,5
DA:66,5
DA:67,1
DA:75,4
DA:76,4
DA:77,4
DA:79,1
DA:80,12
DA:82,12
DA:85,12
DA:86,1
DA:94,11
DA:95,11
DA:96,11
DA:97,11
DA:98,11
DA:99,11
DA:100,11
DA:101,11
DA:102,11
DA:103,11
DA:104,11
DA:105,11
DA:107,1
DA:108,6
DA:109,2
DA:111,4
DA:112,1
DA:114,3
DA:120,3
DA:121,3
DA:122,2
DA:123,2
DA:124,1
DA:126,1
DA:127,1
DA:131,1
DA:137,1
DA:139,1
DA:140,1
DA:141,1
DA:150,7
DA:151,4
DA:153,7
DA:154,4
DA:158,1
DA:162,1
LF:82
LH:82
BRDA:8,0,0,2
BRDA:8,0,1,6
BRDA:15,1,0,2
BRDA:34,2,0,0
BRDA:38,3,0,11
BRDA:43,4,0,96
BRDA:43,4,1,0
BRDA:44,5,0,22
BRDA:44,5,1,74
BRDA:66,6,0,1
BRDA:66,6,1,4
BRDA:85,7,0,1
BRDA:85,7,1,11
BRDA:108,8,0,2
BRDA:108,8,1,4
BRDA:108,9,0,6
BRDA:108,9,1,5
BRDA:108,9,2,1
BRDA:111,10,0,1
BRDA:111,10,1,3
BRDA:111,11,0,4
BRDA:111,11,1,4
BRDA:114,12,0,3
BRDA:114,12,1,3
BRDA:121,13,0,2
BRDA:121,13,1,1
BRDA:123,14,0,1
BRDA:123,14,1,1
BRDA:126,15,0,1
BRDA:126,15,1,0
BRDA:131,16,0,1
BRDA:131,16,1,0
BRDA:137,17,0,1
BRDA:137,17,1,1
BRF:34
BRH:30
end_of_record
